<?xml version="1.0" encoding="UTF-8"?>
<!-- Generated by org.testng.reporters.JUnitReportReporter -->
<testsuite skipped="0" hostname="ASCSBCWTL016" name="caspers.qa.base.testcases.TestCasesAndroid" tests="1" failures="0" timestamp="15 Jun 2020 18:43:00 GMT" time="94.018" errors="0">
  <testcase name="BTC_001_Android_Mobie_SmartMobile_Check_the_functionality_of_knowledge" time="94.018" classname="caspers.qa.base.testcases.TestCasesAndroid"/>
</testsuite> <!-- caspers.qa.base.testcases.TestCasesAndroid -->
