<?xml version="1.0" encoding="UTF-8"?>
<!-- Generated by org.testng.reporters.JUnitReportReporter -->
<testsuite skipped="0" hostname="ASCSBCWTL016" name="caspars.qa.base.testcases.TestCasesAndroid" tests="1" failures="0" timestamp="15 Jun 2020 20:12:04 GMT" time="85.182" errors="0">
  <testcase name="BTC_001_Android_Mobie_SmartMobile_Check_the_functionality_of_knowledge" time="85.182" classname="caspars.qa.base.testcases.TestCasesAndroid"/>
</testsuite> <!-- caspars.qa.base.testcases.TestCasesAndroid -->
